8.7160 > TX 55 AA 00 00 00 00 FF
8.7270 > RX 55 AA 03 00 00 01 00 03
9.0210 > TX 55 AA 00 01 00 00 00
9.0300 > RX 55 AA 03 01 00 2A 7B 22 70 22 3A 22 69 38 63 65 6A 39 63 68 67 77 65 62 7A 72 6D 70 22 2C 22 76 22 3A 22 31 2E 30 2E 30 22 2C 22 6D 22 3A 30 7D 34
9.3270 > TX 55 AA 00 02 00 00 01
9.3350 > RX 55 AA 03 02 00 00 04
10.6670 > RX 55 AA 03 07 00 05 65 04 00 01 01 79
11.6810 > TX 55 AA 00 03 00 01 03 06
11.6890 > RX 55 AA 03 03 00 00 05
11.7350 > TX 55 AA 00 00 00 00 FF
11.7440 > RX 55 AA 03 00 00 01 01 04
12.0370 > TX 55 AA 00 08 00 00 07
12.0450 > RX 55 AA 03 07 00 05 65 04 00 01 01 79
12.0690 > RX 55 AA 03 07 00 05 66 04 00 01 00 79
12.0830 > RX 55 AA 03 07 00 05 67 01 00 01 00 77
12.0950 > RX 55 AA 03 07 00 05 68 01 00 01 00 78
12.1070 > RX 55 AA 03 07 00 05 69 04 00 01 00 7C
12.1210 > RX 55 AA 03 07 00 05 6A 04 00 01 00 7D
12.1330 > RX 55 AA 03 07 00 05 6B 04 00 01 00 7E
12.1450 > RX 55 AA 03 07 00 05 6C 04 00 01 00 7F
12.2740 > RX 55 AA 03 07 00 08 6D 02 00 04 00 00 00 00 84
12.9470 > RX 55 AA 03 07 00 05 65 04 00 01 01 79
15.0660 > RX 55 AA 03 07 00 05 65 04 00 01 01 79
17.1880 > RX 55 AA 03 07 00 05 65 04 00 01 01 79
19.3050 > RX 55 AA 03 07 00 05 65 04 00 01 01 79
21.4320 > RX 55 AA 03 07 00 05 65 04 00 01 01 79
23.5620 > RX 55 AA 03 07 00 05 65 04 00 01 01 79
25.6870 > RX 55 AA 03 07 00 05 65 04 00 01 01 79
26.7770 > TX 55 AA 00 00 00 00 FF
26.7850 > RX 55 AA 03 00 00 01 01 04
27.8200 > RX 55 AA 03 07 00 05 65 04 00 01 01 79
29.9370 > RX 55 AA 03 07 00 05 65 04 00 01 01 79
32.0660 > RX 55 AA 03 07 00 05 65 04 00 01 01 79
34.1880 > RX 55 AA 03 07 00 05 65 04 00 01 01 79
36.3110 > RX 55 AA 03 07 00 05 65 04 00 01 01 79
38.4270 > RX 55 AA 03 07 00 05 65 04 00 01 01 79
40.5540 > RX 55 AA 03 07 00 05 65 04 00 01 01 79
41.7460 > TX 55 AA 00 00 00 00 FF
41.7530 > RX 55 AA 03 00 00 01 01 04
42.6800 > RX 55 AA 03 07 00 05 65 04 00 01 01 79
44.8000 > RX 55 AA 03 07 00 05 65 04 00 01 01 79
46.9250 > RX 55 AA 03 07 00 05 65 04 00 01 01 79
49.0480 > RX 55 AA 03 07 00 05 65 04 00 01 01 79
51.1670 > RX 55 AA 03 07 00 05 65 04 00 01 01 79
53.2830 > RX 55 AA 03 07 00 05 65 04 00 01 01 79
55.3990 > RX 55 AA 03 07 00 05 65 04 00 01 01 79
56.7620 > TX 55 AA 00 00 00 00 FF
56.7700 > RX 55 AA 03 00 00 01 01 04
57.5260 > RX 55 AA 03 07 00 05 65 04 00 01 01 79
59.6310 > RX 55 AA 03 07 00 05 65 04 00 01 01 79
61.7590 > RX 55 AA 03 07 00 05 65 04 00 01 01 79
63.8810 > RX 55 AA 03 07 00 05 65 04 00 01 01 79
66.0100 > RX 55 AA 03 07 00 05 65 04 00 01 01 79
68.1270 > RX 55 AA 03 07 00 05 65 04 00 01 01 79
70.2410 > RX 55 AA 03 07 00 05 65 04 00 01 01 79
71.7790 > TX 55 AA 00 00 00 00 FF
71.7870 > RX 55 AA 03 00 00 01 01 04
72.3630 > RX 55 AA 03 07 00 05 65 04 00 01 01 79
74.4800 > RX 55 AA 03 07 00 05 65 04 00 01 01 79
76.5960 > RX 55 AA 03 07 00 05 65 04 00 01 01 79
78.7100 > RX 55 AA 03 07 00 05 65 04 00 01 01 79
78.8930 > RX 55 AA 03 07 00 05 0A 01 00 01 01 1B
78.9060 > RX 55 AA 03 07 00 05 65 04 00 01 01 79
78.9180 > RX 55 AA 03 07 00 05 66 04 00 01 00 79
78.9300 > RX 55 AA 03 07 00 05 67 01 00 01 00 77
78.9440 > RX 55 AA 03 07 00 05 68 01 00 01 00 78
78.9560 > RX 55 AA 03 07 00 05 69 04 00 01 00 7C
78.9680 > RX 55 AA 03 07 00 05 6A 04 00 01 01 7E
78.9820 > RX 55 AA 03 07 00 05 6B 04 00 01 00 7E
78.9940 > RX 55 AA 03 07 00 05 6C 04 00 01 00 7F
79.0060 > RX 55 AA 03 07 00 08 6D 02 00 04 00 00 00 00 84
79.0230 > RX 55 AA 03 07 00 05 6A 04 00 01 01 7E
79.8940 > RX 55 AA 03 07 00 05 6A 04 00 01 01 7E
80.8920 > RX 55 AA 03 07 00 05 6A 04 00 01 01 7E
81.0780 > RX 55 AA 03 07 00 05 65 04 00 01 01 79
81.8920 > RX 55 AA 03 07 00 05 6A 04 00 01 01 7E
82.8890 > RX 55 AA 03 07 00 05 6A 04 00 01 01 7E
83.3190 > RX 55 AA 03 07 00 05 65 04 00 01 01 79
83.7920 > RX 55 AA 03 07 00 08 6D 02 00 04 00 00 00 27 AB
83.8880 > RX 55 AA 03 07 00 05 6A 04 00 01 01 7E
