6:10:56.464 > AA 03 07 00 05 6A 04 00 01 01 7E
16:10:56.464 > KLARTA 55 AA 03 07 00 08 6D 02 00 04 00 00 00 33 B7
16:10:56.464 > KLARTA 55 AA 03 07 00 05 6A 04 00 01 01 7E
16:10:58.061 > KLARTA 55 AA 03 07 00 05 6A 04 00 01 01 7E
16:10:59.056 > KLARTA 55 AA 03 07 00 05 6A 04 00 01 01 7E
16:10:59.167 > KLARTA 55 AA 03 07 00 05 65 04 00 01 01 79
16:11:00.056 > KLARTA 55 AA 03 07 00 05 6A 04 00 01 01 7E
16:11:00.366 > KLARTA 55 AA 03 07 00 08 6D 02 00 04 00 00 00 33 B7
16:11:01.059 > KLARTA 55 AA 03 07 00 05 6A 04 00 01 01 7E
16:11:01.432 > KLARTA 55 AA 03 07 00 05 65 04 00 01 01 79
16:11:02.054 > KLARTA 55 AA 03 07 00 05 6A 04 00 01 01 7E
16:11:03.054 > KLARTA 55 AA 03 07 00 05 6A 04 00 01 01 7E
16:11:03.668 > KLARTA 55 AA 03 07 00 05 65 04 00 01 01 79
16:11:04.053 > KLARTA 55 AA 03 07 00 05 6A 04 00 01 01 7E
16:11:05.052 > KLARTA 55 AA 03 07 00 05 6A 04 00 01 01 7E
16:11:05.364 > KLARTA 55 AA 03 07 00 08 6D 02 00 04 00 00 00 33 B7
16:11:05.941 > KLARTA 55 AA 03 07 00 05 65 04 00 01 01 79
16:11:06.052 > KLARTA 55 AA 03 07 00 05 6A 04 00 01 01 7E
16:11:07.051 > KLARTA 55 AA 03 07 00 05 6A 04 00 01 01 7E
16:11:08.050 > KLARTA 55 AA 03 07 00 05 6A 04 00 01 01 7E
16:11:08.186 > KLARTA 55 AA 03 07 00 05 65 04 00 01 01 79
16:11:09.050 > KLARTA 55 AA 03 07 00 05 6A 04 00 01 01 7E
16:11:10.045 > KLARTA 55 AA 03 07 00 05 6A 04 00 01 01 7E
16:11:10.361 > KLARTA 55 AA 03 07 00 08 6D 02 00 04 00 00 00 33 B7
16:11:10.455 > KLARTA 55 AA 03 07 00 05 65 04 00 01 01 79
16:11:11.049 > KLARTA 55 AA 03 07 00 05 6A 04 00 01 01 7E
16:11:12.048 > KLARTA 55 AA 03 07 00 05 6A 04 00 01 01 7E
16:11:12.700 > KLARTA 55 AA 03 07 00 05 65 04 00 01 01 79
16:11:13.043 > KLARTA 55 AA 03 07 00 05 6A 04 00 01 01 7E
16:11:14.043 > KLARTA 55 AA 03 07 00 05 6A 04 00 01 01 7E
16:11:14.957 > KLARTA 55 AA 03 07 00 05 65 04 00 01 01 79
16:11:15.042 > KLARTA 55 AA 03 07 00 05 6A 04 00 01 01 7E
16:11:15.358 > KLARTA 55 AA 03 07 00 08 6D 02 00 04 00 00 00 33 B7
16:11:16.046 > KLARTA 55 AA 03 07 00 05 6A 04 00 01 01 7E
16:11:16.517 > TUYA   55 AA 00 00 00 00 FF
16:11:16.525 > KLARTA 55 AA 03 00 00 01 00 03
16:11:16.824 > TUYA   55 AA 00 01 00 00 00
16:11:16.881 > KLARTA 	55 AA 03 01 00 2A 7B 22 70 22 3A 22 69 38 63 65 6A 39 63 68 67 77 65 62 7A 72 6D 70 22 2C 22 76 22 3A 22 31 2E 30 2E 30 22 2C 22 6D 22 3A 30 7D 34
16:11:17.041 > KLARTA 55 AA 03 07 00 05 6A 04 00 01 01 7E
16:11:17.127 > TUYA   55 AA 00 02 00 00 01
16:11:17.135 > KLARTA 55 AA 03 02 00 00 04
16:11:17.319 > KLARTA 55 AA 03 07 00 05 65 04 00 01 01 79
16:11:18.040 > KLARTA 55 AA 03 07 00 05 6A 04 00 01 01 7E
16:11:18.983 > TUYA   55 AA 00 00 00 00 FF
16:11:18.991 > KLARTA 55 AA 03 00 00 01 01 04
16:11:19.040 > KLARTA 55 AA 03 07 00 05 6A 04 00 01 01 7E
16:11:19.564 > KLARTA 55 AA 03 07 00 05 65 04 00 01 01 79
16:11:20.039 > KLARTA 55 AA 03 07 00 05 6A 04 00 01 01 7E
16:11:20.351 > KLARTA 55 AA 03 07 00 08 6D 02 00 04 00 00 00 33 B7
16:11:20.777 > TUYA   55 AA 00 00 00 00 FF
16:11:20.785 > KLARTA 55 AA 03 00 00 01 01 04
16:11:21.038 > KLARTA 55 AA 03 07 00 05 6A 04 00 01 01 7E
16:11:21.080 > TUYA   55 AA 00 01 00 00 00
16:11:21.137 > KLARTA 	55 AA 03 01 00 2A 7B 22 70 22 3A 22 69 38 63 65 6A 39 63 68 67 77 65 62 7A 72 6D 70 22 2C 22 76 22 3A 22 31 2E 30 2E 30 22 2C 22 6D 22 3A 30 7D 34
16:11:21.387 > TUYA   55 AA 00 02 00 00 01
16:11:21.395 > KLARTA 55 AA 03 02 00 00 04
16:11:21.911 > KLARTA 55 AA 03 07 00 05 65 04 00 01 01 79
16:11:22.038 > KLARTA 55 AA 03 07 00 05 6A 04 00 01 01 7E
16:11:23.037 > KLARTA 55 AA 03 07 00 05 6A 04 00 01 01 7E
16:11:23.762 > TUYA   55 AA 00 00 00 00 FF
16:11:23.771 > KLARTA 55 AA 03 00 00 01 01 04
16:11:24.037 > KLARTA 55 AA 03 07 00 05 6A 04 00 01 01 7E
16:11:24.066 > TUYA   55 AA 00 01 00 00 00
16:11:24.123 > KLARTA 	55 AA 03 01 00 2A 7B 22 70 22 3A 22 69 38 63 65 6A 39 63 68 67 77 65 62 7A 72 6D 70 22 2C 22 76 22 3A 22 31 2E 30 2E 30 22 2C 22 6D 22 3A 30 7D 34
16:11:24.217 > KLARTA 55 AA 03 07 00 05 65 04 00 01 01 79
16:11:24.373 > TUYA   55 AA 00 02 00 00 01
16:11:24.381 > KLARTA 55 AA 03 02 00 00 04
16:11:25.036 > KLARTA 55 AA 03 07 00 05 6A 04 00 01 01 7E
16:11:25.348 > KLARTA 55 AA 03 07 00 08 6D 02 00 04 00 00 00 33 B7
16:11:26.036 > KLARTA 55 AA 03 07 00 05 6A 04 00 01 01 7E
16:11:26.486 > KLARTA 55 AA 03 07 00 05 65 04 00 01 01 79
16:11:26.790 > TUYA   55 AA 00 00 00 00 FF
16:11:26.797 > KLARTA 55 AA 03 00 00 01 01 04
16:11:27.035 > KLARTA 55 AA 03 07 00 05 6A 04 00 01 01 7E
16:11:27.785 > TUYA   55 AA 00 00 00 00 FF
16:11:27.793 > KLARTA 55 AA 03 00 00 01 01 04
16:11:28.035 > KLARTA 55 AA 03 07 00 05 6A 04 00 01 01 7E
16:11:28.092 > TUYA   55 AA 00 01 00 00 00
16:11:28.145 > KLARTA 	55 AA 03 01 00 2A 7B 22 70 22 3A 22 69 38 63 65 6A 39 63 68 67 77 65 62 7A 72 6D 70 22 2C 22 76 22 3A 22 31 2E 30 2E 30 22 2C 22 6D 22 3A 30 7D 34
16:11:28.395 > TUYA   55 AA 00 02 00 00 01
16:11:28.403 > KLARTA 55 AA 03 02 00 00 04
16:11:28.797 > KLARTA 55 AA 03 07 00 05 65 04 00 01 01 79
16:11:29.034 > KLARTA 55 AA 03 07 00 05 6A 04 00 01 01 7E
16:11:30.029 > KLARTA 55 AA 03 07 00 05 6A 04 00 01 01 7E
16:11:30.344 > KLARTA 55 AA 03 07 00 08 6D 02 00 04 00 00 00 33 B7
16:11:30.758 > TUYA   55 AA 00 00 00 00 FF
16:11:30.766 > KLARTA 55 AA 03 00 00 01 01 04
16:11:31.033 > KLARTA 55 AA 03 07 00 05 6A 04 00 01 01 7E
16:11:31.061 > TUYA   55 AA 00 01 00 00 00
16:11:31.065 > KLARTA 55 AA 03 07 00 05 65 04 00 01 01 79
16:11:31.119 > KLARTA 	55 AA 03 01 00 2A 7B 22 70 22 3A 22 69 38 63 65 6A 39 63 68 67 77 65 62 7A 72 6D 70 22 2C 22 76 22 3A 22 31 2E 30 2E 30 22 2C 22 6D 22 3A 30 7D 34
16:11:31.368 > TUYA   55 AA 00 02 00 00 01
16:11:31.377 > KLARTA 55 AA 03 02 00 00 04
16:11:32.032 > KLARTA 55 AA 03 07 00 05 6A 04 00 01 01 7E
16:11:33.031 > KLARTA 55 AA 03 07 00 05 6A 04 00 01 01 7E
16:11:33.347 > KLARTA 55 AA 03 07 00 05 65 04 00 01 01 79
16:11:34.027 > KLARTA 55 AA 03 07 00 05 6A 04 00 01 01 7E
16:11:34.691 > TUYA   55 AA 00 00 00 00 FF
16:11:34.698 > KLARTA 55 AA 03 00 00 01 01 04
16:11:34.998 > TUYA   55 AA 00 01 00 00 00
16:11:35.051 > KLARTA 	55 AA 03 01 00 2A 7B 22 70 22 3A 22 69 38 63 65 6A 39 63 68 67 77 65 62 7A 72 6D 70 22 2C 22 76 22 3A 22 31 2E 30 2E 30 22 2C 22 6D 22 3A 30 7D 34
16:11:35.067 > KLARTA 55 AA 03 07 00 05 6A 04 00 01 01 7E
16:11:35.301 > TUYA   55 AA 00 02 00 00 01
16:11:35.308 > KLARTA 55 AA 03 02 00 00 04
16:11:35.342 > KLARTA 55 AA 03 07 00 08 6D 02 00 04 00 00 00 33 B7
16:11:35.677 > KLARTA 55 AA 03 07 00 05 65 04 00 01 01 79
16:11:36.030 > KLARTA 55 AA 03 07 00 05 6A 04 00 01 01 7E
16:11:37.025 > KLARTA 55 AA 03 07 00 05 6A 04 00 01 01 7E
16:11:37.652 > TUYA   55 AA 00 03 00 01 03 06
16:11:37.660 > KLARTA 55 AA 03 03 00 00 05
16:11:37.713 > TUYA   55 AA 00 00 00 00 FF
16:11:37.721 > KLARTA 55 AA 03 00 00 01 01 04
16:11:37.935 > KLARTA 55 AA 03 07 00 05 65 04 00 01 01 79
16:11:38.016 > TUYA   55 AA 00 08 00 00 07
16:11:38.024 > TUYA   55 AA 00 03 00 01 04 07
16:11:38.024 > KLARTA 55 AA 03 07 00 05 6A 04 00 01 01 7E
16:11:38.037 > KLARTA 55 AA 03 07 00 05 0A 01 00 01 01 1B
16:11:38.049 > KLARTA 55 AA 03 07 00 05 65 04 00 01 01 79
16:11:38.061 > KLARTA 55 AA 03 07 00 05 66 04 00 01 00 79
16:11:38.073 > KLARTA 55 AA 03 07 00 05 67 01 00 01 00 77
16:11:38.086 > KLARTA 55 AA 03 07 00 05 68 01 00 01 00 78
16:11:38.102 > KLARTA 55 AA 03 07 00 05 69 04 00 01 00 7C
16:11:38.114 > KLARTA 55 AA 03 07 00 05 6A 04 00 01 01 7E
16:11:38.127 > KLARTA 55 AA 03 07 00 05 6B 04 00 01 00 7E
16:11:38.139 > KLARTA 55 AA 03 07 00 05 6C 04 00 01 00 7F
16:11:38.155 > KLARTA 55 AA 03 07 00 08 6D 02 00 04 00 00 00 33 B7
16:11:38.160 > KLARTA 55 AA 03 03 00 00 05
16:11:39.024 > KLARTA 55 AA 03 07 00 05 6A 04 00 01 01 7E
16:11:40.023 > KLARTA 55 AA 03 07 00 05 6A 04 00 01 01 7E
16:11:40.326 > KLARTA 55 AA 03 07 00 05 65 04 00 01 01 79
16:11:40.351 > KLARTA 55 AA 03 07 00 08 6D 02 00 04 00 00 00 33 B7
16:11:41.027 > KLARTA 55 AA 03 07 00 05 6A 04 00 01 01 7E
